[{
"id":153,
"name":"Paradiseradioorg",
"accepted":1,
"country":"US",
"description":"",
"image":{"image":{"url":null,"thumb":{"url":null}}},
"slug":"paradiseradioorg",
"website":"",
"created_at":"2012-03-14T09:35:04.000+01:00",
"updated_at":"2015-04-11T14:10:55.000+02:00",
"streams":[{
    "id":71,
    "stream":"http://66.90.103.76:8620",
    "bitrate":128,
    "content_type":"audio/mpeg\r\n",
    "status":1,
    "station_id":153,
    "created_at":"2015-04-11T14:20:25.000+02:00",
    "updated_at":"2016-09-22T00:00:34.000+02:00",
    "timedout":false,
    "emptycounter":0}],
"categories":[{
    "id":5,
    "title":"Pop",
    "description":"stations that normally play pop-music",
    "urlid":null,
    "created_at":"2015-04-11T13:49:53.000+02:00",
    "updated_at":"2015-04-11T13:49:53.000+02:00",
    "slug":"pop",
    "ancestry":null,
    "position":null},
{
    "id":2,
    "title":"Rock",
    "description":"simple rock. from elvis to metallica and like hardrock as iron maiden.",
    "urlid":null,
    "created_at":"2015-04-11T13:49:53.000+02:00",
    "updated_at":"2015-04-11T13:49:53.000+02:00",
    "slug":"rock","ancestry":null,"position":null},
{
    "id":14,
    "title":"Electronic",
    "description":"all computeriz made.",
    "urlid":null,
    "created_at":"2015-04-11T13:49:53.000+02:00",
    "updated_at":"2015-04-11T13:49:53.000+02:00",
    "slug":"electronic",
    "ancestry":null,
    "position":null}]},


{"id":30929,"name":"Paradise Tunes","accepted":1,"country":"US","description":null,"image":{"image":{"url":null,"thumb":{"url":null}}},"slug":"paradise-tunes-b88c9100-b209-4de9-9942-3f8722924f4a","website":"","created_at":"2016-05-09T03:02:15.000+02:00","updated_at":"2016-05-09T03:16:58.000+02:00","streams":[{"id":33063,"stream":"http://192.81.248.70:8000/","bitrate":128,"content_type":"audio/mpeg","status":1,"station_id":30929,"created_at":"2016-05-09T03:16:58.000+02:00","updated_at":"2016-09-19T19:19:06.000+02:00","timedout":false,"emptycounter":0},{"id":33236,"stream":"http://216.59.35.35:8078/","bitrate":0,"content_type":"?","status":0,"station_id":30929,"created_at":"2016-05-09T03:17:39.000+02:00","updated_at":"2016-05-09T03:17:39.000+02:00","timedout":false,"emptycounter":0}],"categories":[{"id":18,"title":"Classic Rock","description":"","urlid":null,"created_at":"2015-04-11T13:49:53.000+02:00","updated_at":"2015-04-11T13:49:53.000+02:00","slug":"classic-rock","ancestry":"2","position":null}]},{"id":18837,"name":"Paradise 103.1 FM Curacao","accepted":1,"country":"AN","description":null,"image":{"image":{"url":null,"thumb":{"url":null}}},"slug":"paradise-1031-fm-curacao","website":"","created_at":"2015-12-06T23:18:51.000+01:00","updated_at":"2015-12-06T23:18:53.000+01:00","streams":[{"id":17122,"stream":"http://38.96.175.97:4210/","bitrate":128,"content_type":"audio/mpeg","status":1,"station_id":18837,"created_at":"2015-12-06T23:18:53.000+01:00","updated_at":"2016-09-07T06:04:01.000+02:00","timedout":false,"emptycounter":0}],"categories":[{"id":72,"title":"Hot Adult Contemporary","description":"","urlid":"","created_at":"2015-12-06T02:04:06.000+01:00","updated_at":"2015-12-06T02:10:45.000+01:00","slug":"hot-adult-contemporary","ancestry":"71","position":null}]},{"id":23035,"name":"Paradise Radio Peru","accepted":1,"country":"PE","description":null,"image":{"image":{"url":null,"thumb":{"url":null}}},"slug":"paradise-radio-peru","website":"","created_at":"2015-12-20T17:17:51.000+01:00","updated_at":"2015-12-20T17:17:52.000+01:00","streams":[{"id":23474,"stream":"http://listen.radionomy.com:80/ParadiseRadioPeruTheBestWorldMusic","bitrate":128,"content_type":"audio/mpeg","status":1,"station_id":23035,"created_at":"2015-12-20T17:17:52.000+01:00","updated_at":"2016-09-21T19:15:55.000+02:00","timedout":false,"emptycounter":0}],"categories":[{"id":2,"title":"Rock","description":"simple rock. from elvis to metallica and like hardrock as iron maiden.","urlid":null,"created_at":"2015-04-11T13:49:53.000+02:00","updated_at":"2015-04-11T13:49:53.000+02:00","slug":"rock","ancestry":null,"position":null}]},{"id":13182,"name":"The Disco Paradise","accepted":1,"country":"US","description":null,"image":{"image":{"url":"https://cdn.devality.com/station/13182/003ParadiseSquare.png","thumb":{"url":"https://cdn.devality.com/station/13182/thumb_003ParadiseSquare.png"}}},"slug":"the-disco-paradise","website":"http://www.thediscoparadise.com","created_at":"2015-07-14T11:23:10.000+02:00","updated_at":"2015-07-14T11:24:58.000+02:00","streams":[{"id":8286,"stream":"http://206.217.202.1:7685/\n","bitrate":128,"content_type":"audio/mpeg","status":0,"station_id":13182,"created_at":"2015-07-14T11:24:58.000+02:00","updated_at":"2016-08-14T23:43:41.000+02:00","timedout":false,"emptycounter":0}],"categories":[{"id":37,"title":"Funk","description":"","urlid":null,"created_at":"2015-04-11T13:49:53.000+02:00","updated_at":"2015-04-11T13:49:53.000+02:00","slug":"funk","ancestry":"34","position":null}]},{"id":13577,"name":"Radio Paradise (Naim Exclusive)","accepted":1,"country":"US","description":null,"image":{"image":{"url":"https://cdn.devality.com/station/13577/radioparadiselogo.jpg","thumb":{"url":"https://cdn.devality.com/station/13577/thumb_radioparadiselogo.jpg"}}},"slug":"radio-paradise-naim-exclusive","website":"http://www.radioparadise.com","created_at":"2015-09-16T23:44:00.000+02:00","updated_at":"2015-09-16T23:46:23.000+02:00","streams":[{"id":9708,"stream":"http://37.130.228.60:8014","bitrate":320,"content_type":"audio/aacp","status":1,"station_id":13577,"created_at":"2015-09-16T23:49:53.000+02:00","updated_at":"2015-09-16T23:49:53.000+02:00","timedout":false,"emptycounter":0},{"id":9709,"stream":"http://37.130.228.60:8014","bitrate":320,"content_type":"audio/aacp","status":1,"station_id":13577,"created_at":"2015-09-16T23:49:53.000+02:00","updated_at":"2015-09-16T23:49:53.000+02:00","timedout":false,"emptycounter":0}],"categories":[{"id":2,"title":"Rock","description":"simple rock. from elvis to metallica and like hardrock as iron maiden.","urlid":null,"created_at":"2015-04-11T13:49:53.000+02:00","updated_at":"2015-04-11T13:49:53.000+02:00","slug":"rock","ancestry":null,"position":null}]},{"id":8458,"name":"Musicbox Synergyradio  Radio Star Paradise Valley","accepted":1,"country":"DE","description":"","image":{"image":{"url":null,"thumb":{"url":null}}},"slug":"musicbox-synergyradio-radio-star-paradise-valley","website":"http://www.synergyradio.de","created_at":"2014-02-06T21:32:46.000+01:00","updated_at":"2015-04-11T14:14:14.000+02:00","streams":[{"id":2088,"stream":"http://85.214.130.180:3000","bitrate":0,"content_type":"?","status":0,"station_id":8458,"created_at":"2015-04-11T14:20:58.000+02:00","updated_at":"2015-04-11T14:20:58.000+02:00","timedout":false,"emptycounter":0}],"categories":[{"id":49,"title":"Country","description":"","urlid":null,"created_at":"2015-04-11T13:49:53.000+02:00","updated_at":"2015-04-11T13:49:53.000+02:00","slug":"country","ancestry":null,"position":null}]},{"id":19189,"name":"Kiss Radio (Paradise Fm 103.1 )","accepted":1,"country":"NL","description":null,"image":{"image":{"url":null,"thumb":{"url":null}}},"slug":"kiss-radio-paradise-fm-1031","website":"","created_at":"2015-12-06T23:20:18.000+01:00","updated_at":"2015-12-06T23:20:18.000+01:00","streams":[{"id":17608,"stream":"http://38.96.175.97:4210/;stream.mp3","bitrate":128,"content_type":"audio/mpeg","status":1,"station_id":19189,"created_at":"2015-12-06T23:20:18.000+01:00","updated_at":"2016-09-07T06:04:10.000+02:00","timedout":false,"emptycounter":0}],"categories":[{"id":5,"title":"Pop","description":"stations that normally play pop-music","urlid":null,"created_at":"2015-04-11T13:49:53.000+02:00","updated_at":"2015-04-11T13:49:53.000+02:00","slug":"pop","ancestry":null,"position":null}]},{"id":33,"name":"Radio Paradise  Modern  Classic Rock Electronica World Music  More","accepted":1,"country":"US","description":"Listener Supported Radio","image":{"image":{"url":null,"thumb":{"url":null}}},"slug":"radio-paradise-modern-classic-rock-electronica-world-music-more","website":"http://www.radioparadise.com/","created_at":"2012-01-18T01:20:23.000+01:00","updated_at":"2015-04-11T14:10:50.000+02:00","streams":[{"id":5290,"stream":"http://stream-dc1.radioparadise.com/mp3-128","bitrate":128,"content_type":"audio/mpeg","status":1,"station_id":33,"created_at":"2015-04-11T14:23:08.000+02:00","updated_at":"2016-09-18T12:04:47.000+02:00","timedout":false,"emptycounter":0}],"categories":[{"id":18,"title":"Classic Rock","description":"","urlid":null,"created_at":"2015-04-11T13:49:53.000+02:00","updated_at":"2015-04-11T13:49:53.000+02:00","slug":"classic-rock","ancestry":"2","position":null}]},{"id":17554,"name":"Radio SCOOP - 100% Playlist","accepted":1,"country":"FR","description":null,"image":{"image":{"url":null,"thumb":{"url":null}}},"slug":"radio-scoop-100-playlist","website":"","created_at":"2015-12-06T21:32:40.000+01:00","updated_at":"2015-12-06T21:32:41.000+01:00","streams":[{"id":15179,"stream":"http://stream.radioscoop.com/scoop2.mp3","bitrate":128,"content_type":"audio/mpeg","status":1,"station_id":17554,"created_at":"2015-12-06T21:32:41.000+01:00","updated_at":"2016-09-21T23:16:55.000+02:00","timedout":false,"emptycounter":0}],"categories":[{"id":5,"title":"Pop","description":"stations that normally play pop-music","urlid":null,"created_at":"2015-04-11T13:49:53.000+02:00","updated_at":"2015-04-11T13:49:53.000+02:00","slug":"pop","ancestry":null,"position":null}]}]
